features/checkout.feature  ...E
--------------------------------------------------------------------------------
FAILURE in step 'I proceed to checkout with "Onyero" "Ofuzim" "T3C2Y8"':
  Feature:  Checkout flow on Sauce Demo
  Scenario: Login and purchase Sauce Labs Backpack
Traceback (most recent call last):
  File "C:\dev\.venv\Lib\site-packages\behave\model.py", line 1329, in run
    match.run(runner.context)
  File "C:\dev\.venv\Lib\site-packages\behave\matchers.py", line 98, in run
    self.func(context, *args, **kwargs)
  File "features\steps\checkout_steps.py", line 29, in step_checkout
    context.checkout.continue_to_overview()
  File "C:\dev\ui-e2e-saucedemo-behave\features\pages\checkout_page.py", line 25, in continue_to_overview
    WebDriverWait(self.driver, timeout).until(
  File "C:\dev\.venv\Lib\site-packages\selenium\webdriver\support\wait.py", line 105, in until
    raise TimeoutException(message, screen, stacktrace)
selenium.common.exceptions.TimeoutException: Message: 


Captured stdout:

[debug] Failed to save screenshot: Message: invalid session id: session deleted as the browser has closed the connection
from disconnected: not connected to DevTools
  (Session info: chrome=142.0.7444.177)
Stacktrace:
Symbols not available. Dumping unresolved backtrace:
	0x7ff7dbc8a235
	0x7ff7db9e2630
	0x7ff7db7716dd
	0x7ff7db75d205
	0x7ff7db782a8a
	0x7ff7db7fa476
	0x7ff7db81b3d2
	0x7ff7db7bb0ed
	0x7ff7db7bbf63
	0x7ff7dbcb5d60
	0x7ff7dbcafe8a
	0x7ff7dbcd1005
	0x7ff7db9fd71e
	0x7ff7dba04e1f
	0x7ff7db9eb7c4
	0x7ff7db9eb97f
	0x7ff7db9d18e8
	0x7ffac84fe8d7
	0x7ffaca6cc53c
exception: Message: 

--------------------------------------------------------------------------------
